<?xml version="1.0" encoding="UTF-8"?>
<testsuite name="codecube.core.JavaAnalyzerExecutorTest" tests="4" skipped="4" failures="0" errors="0" timestamp="2020-03-30T00:53:19" hostname="L50517" time="0.0">
  <properties/>
  <testcase name="should_report_issues" classname="codecube.core.JavaAnalyzerExecutorTest" time="0.0">
    <skipped/>
  </testcase>
  <testcase name="should_report_analysis_failed" classname="codecube.core.JavaAnalyzerExecutorTest" time="0.0">
    <skipped/>
  </testcase>
  <testcase name="should_report_symbol_refs" classname="codecube.core.JavaAnalyzerExecutorTest" time="0.0">
    <skipped/>
  </testcase>
  <testcase name="should_report_highlightings" classname="codecube.core.JavaAnalyzerExecutorTest" time="0.0">
    <skipped/>
  </testcase>
  <system-out><![CDATA[]]></system-out>
  <system-err><![CDATA[]]></system-err>
</testsuite>
